<?xml version="1.0" encoding="UTF-8"?>
<testsuite name="API Final project.EndToEndTestSuite" tests="6" failures="0" errors="0" time="85.81"><properties>
[...]
</properties><testcase name="TC1_With Prop_PropTran" time="11.835"/><testcase name="TC2_With Prop_PropertyExpansion" time="6.72"/><testcase name="TC3_Execution" time="6.203"/><testcase name="TC3_Execution" time="6.395"/><testcase name="TC3_GroovyTC3CallingTC3Exec" time="7.099"/><testcase name="TC4_GroovywithProperties" time="47.558"/></testsuite>